<?xml version="1.0" encoding="UTF-8"?>
<!-- Generated by org.testng.reporters.JUnitReportReporter -->
<testsuite skipped="0" hostname="bsangara" name="cucumberoptions.TestRunnertestNG" tests="1" failures="0" timestamp="2020-07-18T17:30:00 IST" time="32.961" errors="0">
  <testcase name="runScenario" time="32.961" classname="cucumberoptions.TestRunnertestNG"/>
  <system-out/>
</testsuite> <!-- cucumberoptions.TestRunnertestNG -->
