<?xml version="1.0" encoding="UTF-8"?>
<!-- Generated by org.testng.reporters.JUnitReportReporter -->
<testsuite skipped="0" hostname="bsangara" name="cucumberoptions.TestRunnertestNG" tests="1" failures="0" timestamp="2020-07-20T13:29:19 IST" time="69.728" errors="0">
  <testcase name="runScenario" time="69.728" classname="cucumberoptions.TestRunnertestNG"/>
  <system-out/>
</testsuite> <!-- cucumberoptions.TestRunnertestNG -->
