<?xml version="1.0" encoding="UTF-8"?>
<!-- Generated by org.testng.reporters.JUnitReportReporter -->
<testsuite skipped="0" hostname="bsangara" name="com.appium.testcase.TestRunnerkhanacademy" tests="1" failures="0" timestamp="2020-08-14T12:57:00 IST" time="100.773" errors="0">
  <testcase name="khanacadamey" time="100.773" classname="com.appium.testcase.TestRunnerkhanacademy"/>
  <system-out/>
</testsuite> <!-- com.appium.testcase.TestRunnerkhanacademy -->
