<?xml version="1.0" encoding="UTF-8"?>
<!-- Generated by org.testng.reporters.JUnitReportReporter -->
<testsuite skipped="0" hostname="bsangara" name="cucumberoptions.TestRunnertestNG" tests="1" failures="0" timestamp="2020-07-20T11:29:26 IST" time="79.490" errors="0">
  <testcase name="runScenario" time="79.490" classname="cucumberoptions.TestRunnertestNG"/>
  <system-out/>
</testsuite> <!-- cucumberoptions.TestRunnertestNG -->
